Build started 10/12/2013 12:24:23 PM.
     1>Project "C:\Users\Justin\Documents\GitHub\Strategy-Game\Strat of the ages\dsf\dsf.vcxproj" on node 2 (build target(s)).
     1>InitializeBuildStatus:
         Creating "Debug\Graphics.unsuccessfulbuild" because "AlwaysCreate" was specified.
       ClCompile:
         c:\Program Files (x86)\Microsoft Visual Studio 10.0\VC\bin\CL.exe /c /ZI /nologo /W3 /WX- /Od /Oy- /D WIN32 /D _DEBUG /D _WINDOWS /D _UNICODE /D UNICODE /Gm /EHsc /RTC1 /MDd /GS /fp:precise /Zc:wchar_t /Zc:forScope /Fo"Debug\\" /Fd"Debug\vc100.pdb" /Gd /TP /analyze- /errorReport:prompt DirectXFramework.cpp WinMain.cpp
         DirectXFramework.cpp
         c:\program files (x86)\microsoft directx sdk (june 2010)\include\dinput.h: DIRECTINPUT_VERSION undefined. Defaulting to version 0x0800
     1>c:\users\justin\documents\github\strategy-game\strat of the ages\dsf\pallette.h(62): warning C4244: 'argument' : conversion from 'double' to 'float', possible loss of data
     1>c:\users\justin\documents\github\strategy-game\strat of the ages\dsf\pallette.h(62): warning C4244: 'argument' : conversion from 'double' to 'float', possible loss of data
     1>c:\users\justin\documents\github\strategy-game\strat of the ages\dsf\pallette.h(64): warning C4244: 'argument' : conversion from 'float' to 'long', possible loss of data
     1>c:\users\justin\documents\github\strategy-game\strat of the ages\dsf\pallette.h(64): warning C4244: 'argument' : conversion from 'float' to 'long', possible loss of data
     1>c:\users\justin\documents\github\strategy-game\strat of the ages\dsf\province.h(13): warning C4244: '=' : conversion from '__int64' to 'int', possible loss of data
     1>c:\users\justin\documents\github\strategy-game\strat of the ages\dsf\province.h(14): warning C4244: '=' : conversion from '__int64' to 'int', possible loss of data
     1>c:\users\justin\documents\github\strategy-game\strat of the ages\dsf\province.h(14): warning C4244: '=' : conversion from '__int64' to 'int', possible loss of data
     1>c:\users\justin\documents\github\strategy-game\strat of the ages\dsf\province.h(14): warning C4244: '=' : conversion from '__int64' to 'int', possible loss of data
     1>c:\users\justin\documents\github\strategy-game\strat of the ages\dsf\province.h(14): warning C4244: '=' : conversion from '__int64' to 'int', possible loss of data
     1>c:\users\justin\documents\github\strategy-game\strat of the ages\dsf\province.h(15): warning C4244: '=' : conversion from '__int64' to 'int', possible loss of data
     1>c:\users\justin\documents\github\strategy-game\strat of the ages\dsf\province.h(16): warning C4244: '=' : conversion from '__int64' to 'int', possible loss of data
     1>c:\users\justin\documents\github\strategy-game\strat of the ages\dsf\province.h(16): warning C4244: '=' : conversion from '__int64' to 'int', possible loss of data
     1>c:\users\justin\documents\github\strategy-game\strat of the ages\dsf\province.h(16): warning C4244: '=' : conversion from '__int64' to 'int', possible loss of data
     1>c:\users\justin\documents\github\strategy-game\strat of the ages\dsf\province.h(16): warning C4244: '=' : conversion from '__int64' to 'int', possible loss of data
     1>c:\users\justin\documents\github\strategy-game\strat of the ages\dsf\directxframework.cpp(98): warning C4244: 'argument' : conversion from 'LONGLONG' to 'unsigned int', possible loss of data
     1>c:\users\justin\documents\github\strategy-game\strat of the ages\dsf\directxframework.cpp(225): warning C4244: '=' : conversion from 'const int' to 'float', possible loss of data
     1>c:\users\justin\documents\github\strategy-game\strat of the ages\dsf\directxframework.cpp(226): warning C4244: '=' : conversion from 'const int' to 'float', possible loss of data
     1>c:\users\justin\documents\github\strategy-game\strat of the ages\dsf\directxframework.cpp(227): warning C4244: '=' : conversion from 'const int' to 'float', possible loss of data
     1>c:\users\justin\documents\github\strategy-game\strat of the ages\dsf\directxframework.cpp(228): warning C4244: '=' : conversion from 'const int' to 'float', possible loss of data
     1>c:\users\justin\documents\github\strategy-game\strat of the ages\dsf\directxframework.cpp(334): warning C4244: '=' : conversion from 'float' to 'unsigned __int64', possible loss of data
     1>c:\users\justin\documents\github\strategy-game\strat of the ages\dsf\directxframework.cpp(337): warning C4244: '=' : conversion from 'float' to '__int64', possible loss of data
     1>c:\users\justin\documents\github\strategy-game\strat of the ages\dsf\directxframework.cpp(453): warning C4800: 'BOOL' : forcing value to bool 'true' or 'false' (performance warning)
     1>c:\users\justin\documents\github\strategy-game\strat of the ages\dsf\directxframework.cpp(728): warning C4244: 'argument' : conversion from 'unsigned __int64' to 'long', possible loss of data
     1>c:\users\justin\documents\github\strategy-game\strat of the ages\dsf\directxframework.cpp(728): warning C4996: 'ltoa': The POSIX name for this item is deprecated. Instead, use the ISO C++ conformant name: _ltoa. See online help for details.
                 c:\program files (x86)\microsoft visual studio 10.0\vc\include\stdlib.h(868) : see declaration of 'ltoa'
     1>c:\users\justin\documents\github\strategy-game\strat of the ages\dsf\directxframework.cpp(729): warning C4996: 'ltoa': The POSIX name for this item is deprecated. Instead, use the ISO C++ conformant name: _ltoa. See online help for details.
                 c:\program files (x86)\microsoft visual studio 10.0\vc\include\stdlib.h(868) : see declaration of 'ltoa'
         Generating Code...
         Skipping... (no relevant changes detected)
         WinMain.cpp
       ManifestResourceCompile:
         All outputs are up-to-date.
       Link:
         c:\Program Files (x86)\Microsoft Visual Studio 10.0\VC\bin\link.exe /ERRORREPORT:PROMPT /OUT:"C:\Users\Justin\Documents\GitHub\Strategy-Game\Strat of the ages\Debug\Graphics.exe" /VERBOSE /INCREMENTAL /NOLOGO kernel32.lib user32.lib gdi32.lib winspool.lib comdlg32.lib advapi32.lib shell32.lib ole32.lib oleaut32.lib uuid.lib odbc32.lib odbccp32.lib /MANIFEST /ManifestFile:"Debug\Graphics.exe.intermediate.manifest" /MANIFESTUAC:"level='asInvoker' uiAccess='false'" /DEBUG /PDB:"C:\Users\Justin\Documents\GitHub\Strategy-Game\Strat of the ages\Debug\Graphics.pdb" /SUBSYSTEM:WINDOWS /TLBID:1 /DYNAMICBASE /NXCOMPAT /IMPLIB:"C:\Users\Justin\Documents\GitHub\Strategy-Game\Strat of the ages\Debug\Graphics.lib" /MACHINE:X86 Debug\Graphics.exe.embed.manifest.res
         Debug\DirectXFramework.obj
         Debug\Map.obj
         Debug\WinMain.obj
         Generating non-SAFESEH image.
     1>fmodex.dll : warning LNK4003: invalid library format; library ignored
         Starting pass 2
              DirectXFramework.obj
         Finished pass 2
       Manifest:
         C:\Program Files (x86)\Microsoft SDKs\Windows\v7.0A\bin\mt.exe /nologo /verbose /out:"Debug\Graphics.exe.embed.manifest" /manifest Debug\Graphics.exe.intermediate.manifest
         All outputs are up-to-date.
       LinkEmbedManifest:
         All outputs are up-to-date.
         dsf.vcxproj -> C:\Users\Justin\Documents\GitHub\Strategy-Game\Strat of the ages\Debug\Graphics.exe
       FinalizeBuildStatus:
         Deleting file "Debug\Graphics.unsuccessfulbuild".
         Touching "Debug\Graphics.lastbuildstate".
     1>Done Building Project "C:\Users\Justin\Documents\GitHub\Strategy-Game\Strat of the ages\dsf\dsf.vcxproj" (build target(s)).

Build succeeded.

Time Elapsed 00:00:02.41
