C:\USERS\JUSTIN\DOCUMENTS\GITHUB\STRATEGY-GAME\STRAT OF THE AGES\DEBUG\GRAPHICS.EXE
C:\USERS\JUSTIN\DOCUMENTS\GITHUB\STRATEGY-GAME\STRAT OF THE AGES\DEBUG\GRAPHICS.ILK
C:\USERS\JUSTIN\DOCUMENTS\GITHUB\STRATEGY-GAME\STRAT OF THE AGES\DEBUG\GRAPHICS.PDB
C:\Users\Justin\Documents\GitHub\Strategy-Game\Strat of the ages\dsf\Debug\cl.command.1.tlog
C:\Users\Justin\Documents\GitHub\Strategy-Game\Strat of the ages\dsf\Debug\CL.read.1.tlog
C:\Users\Justin\Documents\GitHub\Strategy-Game\Strat of the ages\dsf\Debug\CL.write.1.tlog
C:\USERS\JUSTIN\DOCUMENTS\GITHUB\STRATEGY-GAME\STRAT OF THE AGES\DSF\DEBUG\DIRECTXFRAMEWORK.OBJ
C:\USERS\JUSTIN\DOCUMENTS\GITHUB\STRATEGY-GAME\STRAT OF THE AGES\DSF\DEBUG\GRAPHICS.EXE.EMBED.MANIFEST
C:\USERS\JUSTIN\DOCUMENTS\GITHUB\STRATEGY-GAME\STRAT OF THE AGES\DSF\DEBUG\GRAPHICS.EXE.EMBED.MANIFEST.RES
C:\USERS\JUSTIN\DOCUMENTS\GITHUB\STRATEGY-GAME\STRAT OF THE AGES\DSF\DEBUG\GRAPHICS.EXE.INTERMEDIATE.MANIFEST
C:\Users\Justin\Documents\GitHub\Strategy-Game\Strat of the ages\dsf\Debug\Graphics.write.1.tlog
C:\Users\Justin\Documents\GitHub\Strategy-Game\Strat of the ages\dsf\Debug\Graphics_manifest.rc
C:\Users\Justin\Documents\GitHub\Strategy-Game\Strat of the ages\dsf\Debug\link.4652.read.1.tlog
C:\Users\Justin\Documents\GitHub\Strategy-Game\Strat of the ages\dsf\Debug\link.4652.write.1.tlog
C:\Users\Justin\Documents\GitHub\Strategy-Game\Strat of the ages\dsf\Debug\link.4652-cvtres.read.1.tlog
C:\Users\Justin\Documents\GitHub\Strategy-Game\Strat of the ages\dsf\Debug\link.4652-cvtres.write.1.tlog
C:\Users\Justin\Documents\GitHub\Strategy-Game\Strat of the ages\dsf\Debug\link.command.1.tlog
C:\Users\Justin\Documents\GitHub\Strategy-Game\Strat of the ages\dsf\Debug\link.read.1.tlog
C:\Users\Justin\Documents\GitHub\Strategy-Game\Strat of the ages\dsf\Debug\link.write.1.tlog
C:\Users\Justin\Documents\GitHub\Strategy-Game\Strat of the ages\dsf\Debug\link-cvtres.read.1.tlog
C:\Users\Justin\Documents\GitHub\Strategy-Game\Strat of the ages\dsf\Debug\link-cvtres.write.1.tlog
C:\USERS\JUSTIN\DOCUMENTS\GITHUB\STRATEGY-GAME\STRAT OF THE AGES\DSF\DEBUG\MAP.OBJ
C:\Users\Justin\Documents\GitHub\Strategy-Game\Strat of the ages\dsf\Debug\mt.command.1.tlog
C:\Users\Justin\Documents\GitHub\Strategy-Game\Strat of the ages\dsf\Debug\mt.read.1.tlog
C:\Users\Justin\Documents\GitHub\Strategy-Game\Strat of the ages\dsf\Debug\mt.write.1.tlog
C:\Users\Justin\Documents\GitHub\Strategy-Game\Strat of the ages\dsf\Debug\rc.command.1.tlog
C:\Users\Justin\Documents\GitHub\Strategy-Game\Strat of the ages\dsf\Debug\rc.read.1.tlog
C:\Users\Justin\Documents\GitHub\Strategy-Game\Strat of the ages\dsf\Debug\rc.write.1.tlog
C:\Users\Justin\Documents\GitHub\Strategy-Game\Strat of the ages\dsf\Debug\vc100.idb
C:\USERS\JUSTIN\DOCUMENTS\GITHUB\STRATEGY-GAME\STRAT OF THE AGES\DSF\DEBUG\VC100.PDB
C:\USERS\JUSTIN\DOCUMENTS\GITHUB\STRATEGY-GAME\STRAT OF THE AGES\DSF\DEBUG\WINMAIN.OBJ
